{
  "RSpec": {
    "coverage": {
      "/Users/zhichengzou/Desktop/ThriftUStore-4152SAAS/app/models/user.rb": {
        "lines": [
          1,
          null,
          null,
          1,
          null,
          null,
          null,
          1,
          null,
          1,
          1,
          1,
          1,
          1,
          1,
          null,
          null,
          null,
          null,
          1,
          1,
          56,
          56,
          56,
          56,
          56,
          null,
          null
        ]
      },
      "/Users/zhichengzou/Desktop/ThriftUStore-4152SAAS/app/models/application_record.rb": {
        "lines": [
          1,
          1,
          null
        ]
      },
      "/Users/zhichengzou/Desktop/ThriftUStore-4152SAAS/app/helpers/application_helper.rb": {
        "lines": [
          1,
          null
        ]
      },
      "/Users/zhichengzou/Desktop/ThriftUStore-4152SAAS/app/helpers/home_helper.rb": {
        "lines": [
          1,
          null
        ]
      },
      "/Users/zhichengzou/Desktop/ThriftUStore-4152SAAS/app/helpers/items_helper.rb": {
        "lines": [
          1,
          null
        ]
      },
      "/Users/zhichengzou/Desktop/ThriftUStore-4152SAAS/app/helpers/users_helper.rb": {
        "lines": [
          1,
          null
        ]
      },
      "/Users/zhichengzou/Desktop/ThriftUStore-4152SAAS/app/channels/application_cable/channel.rb": {
        "lines": [
          1,
          1,
          null,
          null
        ]
      },
      "/Users/zhichengzou/Desktop/ThriftUStore-4152SAAS/app/channels/application_cable/connection.rb": {
        "lines": [
          1,
          1,
          null,
          null
        ]
      },
      "/Users/zhichengzou/Desktop/ThriftUStore-4152SAAS/app/controllers/home_controller.rb": {
        "lines": [
          1,
          1,
          null,
          null,
          null
        ]
      },
      "/Users/zhichengzou/Desktop/ThriftUStore-4152SAAS/app/controllers/application_controller.rb": {
        "lines": [
          1,
          null
        ]
      },
      "/Users/zhichengzou/Desktop/ThriftUStore-4152SAAS/app/controllers/items_controller.rb": {
        "lines": [
          1,
          1,
          1,
          null,
          null,
          1,
          1,
          null,
          null,
          null,
          1,
          1,
          null,
          null,
          null,
          1,
          1,
          null,
          null,
          null,
          1,
          1,
          null,
          null,
          null,
          1,
          4,
          4,
          4,
          4,
          3,
          3,
          null,
          3,
          3,
          null,
          null,
          null,
          null,
          null,
          1,
          4,
          4,
          4,
          3,
          3,
          null,
          3,
          3,
          null,
          null,
          null,
          null,
          null,
          1,
          1,
          1,
          null,
          1,
          2,
          1,
          null,
          null,
          null,
          null,
          1,
          null,
          1,
          null,
          7,
          null,
          null,
          null,
          1,
          null,
          8,
          null,
          null
        ]
      },
      "/Users/zhichengzou/Desktop/ThriftUStore-4152SAAS/app/jobs/application_job.rb": {
        "lines": [
          1,
          null
        ]
      },
      "/Users/zhichengzou/Desktop/ThriftUStore-4152SAAS/app/mailers/application_mailer.rb": {
        "lines": [
          1,
          1,
          1,
          null
        ]
      },
      "/Users/zhichengzou/Desktop/ThriftUStore-4152SAAS/app/controllers/users/confirmations_controller.rb": {
        "lines": [
          null,
          null,
          1,
          null,
          null,
          null,
          null,
          null,
          null,
          null,
          null,
          null,
          null,
          null,
          null,
          null,
          null,
          null,
          null,
          null,
          null,
          null,
          null,
          null,
          null,
          null,
          null,
          null,
          null,
          null
        ]
      },
      "/Users/zhichengzou/Desktop/ThriftUStore-4152SAAS/app/controllers/users/omniauth_callbacks_controller.rb": {
        "lines": [
          null,
          null,
          1,
          null,
          null,
          null,
          null,
          null,
          null,
          null,
          1,
          2,
          2,
          1,
          1,
          1,
          null,
          1,
          null,
          1,
          null,
          null,
          null,
          null,
          null,
          null,
          null,
          null,
          null,
          null,
          null,
          null,
          null,
          null,
          null,
          null,
          null,
          null,
          null,
          null,
          null,
          null,
          1,
          null,
          1,
          3,
          null,
          null,
          null,
          null,
          null,
          null,
          null,
          null
        ]
      },
      "/Users/zhichengzou/Desktop/ThriftUStore-4152SAAS/app/controllers/users/passwords_controller.rb": {
        "lines": [
          null,
          null,
          1,
          null,
          null,
          null,
          null,
          null,
          null,
          null,
          null,
          null,
          null,
          null,
          null,
          null,
          null,
          null,
          null,
          null,
          null,
          null,
          null,
          null,
          null,
          null,
          null,
          null,
          null,
          null,
          null,
          null,
          null,
          null
        ]
      },
      "/Users/zhichengzou/Desktop/ThriftUStore-4152SAAS/app/controllers/users/registrations_controller.rb": {
        "lines": [
          null,
          null,
          1,
          null,
          1,
          null,
          null,
          null,
          null,
          null,
          null,
          null,
          null,
          null,
          null,
          null,
          null,
          null,
          null,
          null,
          null,
          null,
          null,
          null,
          null,
          null,
          null,
          null,
          null,
          null,
          null,
          1,
          2,
          1,
          1,
          null,
          1,
          null,
          1,
          null,
          null,
          null,
          null,
          null,
          null,
          null,
          null,
          null,
          null,
          null,
          null,
          null,
          null,
          null,
          null,
          null,
          null,
          null,
          1,
          0,
          null,
          null,
          null,
          null,
          null,
          null,
          null,
          null,
          null,
          null,
          null,
          null
        ]
      },
      "/Users/zhichengzou/Desktop/ThriftUStore-4152SAAS/app/controllers/users/sessions_controller.rb": {
        "lines": [
          null,
          null,
          1,
          null,
          null,
          null,
          null,
          null,
          null,
          null,
          null,
          null,
          null,
          null,
          null,
          null,
          1,
          1,
          1,
          null,
          null,
          1,
          1,
          null,
          null,
          1,
          2,
          null,
          null,
          null,
          null,
          null,
          null,
          null,
          null
        ]
      },
      "/Users/zhichengzou/Desktop/ThriftUStore-4152SAAS/app/controllers/users/unlocks_controller.rb": {
        "lines": [
          null,
          null,
          1,
          null,
          null,
          null,
          null,
          null,
          null,
          null,
          null,
          null,
          null,
          null,
          null,
          null,
          null,
          null,
          null,
          null,
          null,
          null,
          null,
          null,
          null,
          null,
          null,
          null,
          null,
          null
        ]
      },
      "/Users/zhichengzou/Desktop/ThriftUStore-4152SAAS/app/controllers/users_controller.rb": {
        "lines": [
          1,
          1,
          1,
          1,
          null,
          null,
          1,
          1,
          1,
          null,
          null
        ]
      },
      "/Users/zhichengzou/Desktop/ThriftUStore-4152SAAS/app/models/item.rb": {
        "lines": [
          1,
          1,
          1,
          1,
          1,
          1,
          1,
          null
        ]
      }
    },
    "timestamp": 1698528000
  }
}
