{
  "RSpec": {
    "coverage": {
      "/Users/zhichengzou/Desktop/ThriftUStore-4152SAAS/app/models/user.rb": {
        "lines": [
          1,
          null,
          null,
          1,
          null,
          null,
          null,
          1,
          1,
          1,
          1,
          null,
          1,
          1,
          1,
          1,
          1,
          1,
          null,
          null,
          null,
          null,
          1,
          1,
          103,
          103,
          103,
          103,
          103,
          null,
          null,
          1,
          0,
          null,
          null,
          1,
          1,
          1,
          null,
          0,
          null,
          null
        ]
      },
      "/Users/zhichengzou/Desktop/ThriftUStore-4152SAAS/app/models/application_record.rb": {
        "lines": [
          1,
          1,
          null
        ]
      },
      "/Users/zhichengzou/Desktop/ThriftUStore-4152SAAS/app/helpers/application_helper.rb": {
        "lines": [
          1,
          null
        ]
      },
      "/Users/zhichengzou/Desktop/ThriftUStore-4152SAAS/app/helpers/comments_helper.rb": {
        "lines": [
          1,
          null
        ]
      },
      "/Users/zhichengzou/Desktop/ThriftUStore-4152SAAS/app/helpers/home_helper.rb": {
        "lines": [
          1,
          null
        ]
      },
      "/Users/zhichengzou/Desktop/ThriftUStore-4152SAAS/app/helpers/items_helper.rb": {
        "lines": [
          1,
          null
        ]
      },
      "/Users/zhichengzou/Desktop/ThriftUStore-4152SAAS/app/helpers/search_helper.rb": {
        "lines": [
          1,
          null
        ]
      },
      "/Users/zhichengzou/Desktop/ThriftUStore-4152SAAS/app/helpers/users_helper.rb": {
        "lines": [
          1,
          null
        ]
      },
      "/Users/zhichengzou/Desktop/ThriftUStore-4152SAAS/app/helpers/wish_list_helper.rb": {
        "lines": [
          1,
          null
        ]
      },
      "/Users/zhichengzou/Desktop/ThriftUStore-4152SAAS/app/channels/application_cable/channel.rb": {
        "lines": [
          1,
          1,
          null,
          null
        ]
      },
      "/Users/zhichengzou/Desktop/ThriftUStore-4152SAAS/app/channels/application_cable/connection.rb": {
        "lines": [
          1,
          1,
          null,
          null
        ]
      },
      "/Users/zhichengzou/Desktop/ThriftUStore-4152SAAS/app/controllers/comments_controller.rb": {
        "lines": [
          1,
          1,
          1,
          1,
          null,
          1,
          3,
          3,
          null,
          3,
          2,
          null,
          1,
          null,
          null,
          null,
          1,
          2,
          1,
          null,
          1,
          null,
          null,
          null,
          1,
          2,
          1,
          1,
          null,
          1,
          null,
          null,
          null,
          1,
          null,
          1,
          7,
          null,
          null,
          1,
          4,
          null,
          null,
          1,
          4,
          null,
          null
        ]
      },
      "/Users/zhichengzou/Desktop/ThriftUStore-4152SAAS/app/controllers/application_controller.rb": {
        "lines": [
          1,
          1,
          null,
          1,
          38,
          null,
          null
        ]
      },
      "/Users/zhichengzou/Desktop/ThriftUStore-4152SAAS/app/controllers/home_controller.rb": {
        "lines": [
          1,
          1,
          null,
          null,
          null
        ]
      },
      "/Users/zhichengzou/Desktop/ThriftUStore-4152SAAS/app/controllers/items_controller.rb": {
        "lines": [
          1,
          1,
          1,
          null,
          null,
          1,
          4,
          null,
          4,
          2,
          null,
          2,
          null,
          null,
          4,
          1,
          1,
          null,
          null,
          null,
          null,
          1,
          1,
          1,
          null,
          null,
          null,
          1,
          1,
          null,
          null,
          null,
          1,
          1,
          null,
          null,
          1,
          4,
          4,
          4,
          null,
          4,
          1,
          1,
          null,
          null,
          3,
          1,
          1,
          null,
          null,
          2,
          1,
          null,
          1,
          null,
          2,
          null,
          null,
          1,
          0,
          0,
          null,
          0,
          null,
          null,
          null,
          null,
          1,
          4,
          4,
          4,
          4,
          3,
          3,
          null,
          3,
          3,
          null,
          null,
          null,
          null,
          null,
          1,
          4,
          4,
          4,
          3,
          3,
          null,
          3,
          3,
          null,
          null,
          null,
          null,
          null,
          1,
          1,
          1,
          null,
          1,
          2,
          1,
          null,
          null,
          null,
          null,
          1,
          null,
          1,
          null,
          7,
          null,
          null,
          null,
          1,
          10,
          null,
          null
        ]
      },
      "/Users/zhichengzou/Desktop/ThriftUStore-4152SAAS/app/jobs/application_job.rb": {
        "lines": [
          1,
          null
        ]
      },
      "/Users/zhichengzou/Desktop/ThriftUStore-4152SAAS/app/mailers/application_mailer.rb": {
        "lines": [
          1,
          1,
          1,
          null
        ]
      },
      "/Users/zhichengzou/Desktop/ThriftUStore-4152SAAS/app/controllers/search_controller.rb": {
        "lines": [
          1,
          1,
          4,
          4,
          null,
          null
        ]
      },
      "/Users/zhichengzou/Desktop/ThriftUStore-4152SAAS/app/controllers/users/confirmations_controller.rb": {
        "lines": [
          null,
          null,
          1,
          null,
          null,
          null,
          null,
          null,
          null,
          null,
          null,
          null,
          null,
          null,
          null,
          null,
          null,
          null,
          null,
          null,
          null,
          null,
          null,
          null,
          null,
          null,
          null,
          null,
          null,
          null
        ]
      },
      "/Users/zhichengzou/Desktop/ThriftUStore-4152SAAS/app/controllers/users/omniauth_callbacks_controller.rb": {
        "lines": [
          null,
          null,
          1,
          null,
          null,
          null,
          null,
          null,
          null,
          null,
          1,
          2,
          2,
          1,
          1,
          1,
          null,
          1,
          null,
          1,
          null,
          null,
          null,
          null,
          null,
          null,
          null,
          null,
          null,
          null,
          null,
          null,
          null,
          null,
          null,
          null,
          null,
          null,
          null,
          null,
          null,
          null,
          1,
          null,
          1,
          3,
          null,
          null,
          null,
          null,
          null,
          null,
          null,
          null
        ]
      },
      "/Users/zhichengzou/Desktop/ThriftUStore-4152SAAS/app/controllers/users/passwords_controller.rb": {
        "lines": [
          null,
          null,
          1,
          null,
          null,
          null,
          null,
          null,
          null,
          null,
          null,
          null,
          null,
          null,
          null,
          null,
          null,
          null,
          null,
          null,
          null,
          null,
          null,
          null,
          null,
          null,
          null,
          null,
          null,
          null,
          null,
          null,
          null,
          null
        ]
      },
      "/Users/zhichengzou/Desktop/ThriftUStore-4152SAAS/app/controllers/users/registrations_controller.rb": {
        "lines": [
          null,
          null,
          1,
          null,
          1,
          null,
          null,
          null,
          null,
          null,
          null,
          null,
          null,
          null,
          null,
          null,
          null,
          null,
          null,
          null,
          null,
          null,
          null,
          null,
          null,
          null,
          null,
          null,
          null,
          null,
          null,
          1,
          2,
          1,
          1,
          null,
          1,
          null,
          1,
          null,
          null,
          null,
          null,
          null,
          null,
          null,
          null,
          null,
          null,
          null,
          null,
          null,
          null,
          null,
          null,
          null,
          null,
          null,
          1,
          0,
          null,
          null,
          null,
          null,
          null,
          null,
          null,
          null,
          null,
          null,
          null,
          null
        ]
      },
      "/Users/zhichengzou/Desktop/ThriftUStore-4152SAAS/app/controllers/users/sessions_controller.rb": {
        "lines": [
          null,
          null,
          1,
          null,
          null,
          null,
          null,
          null,
          null,
          null,
          null,
          null,
          null,
          null,
          null,
          null,
          1,
          1,
          1,
          null,
          null,
          1,
          1,
          null,
          null,
          1,
          2,
          null,
          null,
          null,
          null,
          null,
          null,
          null,
          null
        ]
      },
      "/Users/zhichengzou/Desktop/ThriftUStore-4152SAAS/app/controllers/users/unlocks_controller.rb": {
        "lines": [
          null,
          null,
          1,
          null,
          null,
          null,
          null,
          null,
          null,
          null,
          null,
          null,
          null,
          null,
          null,
          null,
          null,
          null,
          null,
          null,
          null,
          null,
          null,
          null,
          null,
          null,
          null,
          null,
          null,
          null
        ]
      },
      "/Users/zhichengzou/Desktop/ThriftUStore-4152SAAS/app/controllers/users_controller.rb": {
        "lines": [
          1,
          1,
          1,
          1,
          1,
          null,
          null,
          null,
          null,
          1,
          1,
          1,
          null,
          null,
          1,
          0,
          0,
          null,
          null
        ]
      },
      "/Users/zhichengzou/Desktop/ThriftUStore-4152SAAS/app/models/item.rb": {
        "lines": [
          1,
          1,
          1,
          1,
          1,
          1,
          1,
          1,
          1,
          1,
          1,
          1,
          null,
          null
        ]
      },
      "/Users/zhichengzou/Desktop/ThriftUStore-4152SAAS/app/models/comment.rb": {
        "lines": [
          1,
          1,
          1,
          1,
          null
        ]
      },
      "/Users/zhichengzou/Desktop/ThriftUStore-4152SAAS/app/models/wish_list_pair.rb": {
        "lines": [
          0,
          0,
          0,
          0
        ],
        "branches": {
        }
      },
      "/Users/zhichengzou/Desktop/ThriftUStore-4152SAAS/app/controllers/wish_list_controller.rb": {
        "lines": [
          0,
          0,
          null,
          0,
          0,
          0,
          null,
          null,
          0,
          0,
          0,
          0,
          0,
          0,
          0,
          null,
          0,
          0,
          0,
          null,
          null,
          0,
          null,
          0,
          null,
          0,
          0,
          0,
          0,
          0,
          0,
          null,
          0
        ],
        "branches": {
        }
      }
    },
    "timestamp": 1701298159
  },
  "Cucumber Features": {
    "coverage": {
      "/Users/zhichengzou/Desktop/ThriftUStore-4152SAAS/app/models/user.rb": {
        "lines": [
          1,
          null,
          null,
          1,
          null,
          null,
          null,
          1,
          1,
          null,
          1,
          2,
          2,
          2,
          2,
          2,
          null,
          null,
          null,
          null,
          1,
          1,
          472,
          472,
          472,
          472,
          472,
          null,
          null
        ]
      },
      "/Users/zhichengzou/Desktop/ThriftUStore-4152SAAS/app/models/application_record.rb": {
        "lines": [
          1,
          1,
          null
        ]
      },
      "/Users/zhichengzou/Desktop/ThriftUStore-4152SAAS/app/controllers/users/sessions_controller.rb": {
        "lines": [
          null,
          null,
          1,
          null,
          null,
          null,
          null,
          null,
          null,
          null,
          null,
          null,
          null,
          null,
          null,
          null,
          1,
          2,
          2,
          null,
          null,
          1,
          0,
          null,
          null,
          1,
          29,
          null,
          null,
          null,
          null,
          null,
          null,
          null,
          null
        ]
      },
      "/Users/zhichengzou/Desktop/ThriftUStore-4152SAAS/app/controllers/application_controller.rb": {
        "lines": [
          1,
          1,
          null,
          1,
          325,
          null,
          null
        ]
      },
      "/Users/zhichengzou/Desktop/ThriftUStore-4152SAAS/app/helpers/application_helper.rb": {
        "lines": [
          1,
          null
        ]
      },
      "/Users/zhichengzou/Desktop/ThriftUStore-4152SAAS/app/helpers/comments_helper.rb": {
        "lines": [
          1,
          null
        ]
      },
      "/Users/zhichengzou/Desktop/ThriftUStore-4152SAAS/app/helpers/home_helper.rb": {
        "lines": [
          1,
          null
        ]
      },
      "/Users/zhichengzou/Desktop/ThriftUStore-4152SAAS/app/helpers/items_helper.rb": {
        "lines": [
          1,
          null
        ]
      },
      "/Users/zhichengzou/Desktop/ThriftUStore-4152SAAS/app/helpers/search_helper.rb": {
        "lines": [
          1,
          null
        ]
      },
      "/Users/zhichengzou/Desktop/ThriftUStore-4152SAAS/app/helpers/users_helper.rb": {
        "lines": [
          1,
          null
        ]
      },
      "/Users/zhichengzou/Desktop/ThriftUStore-4152SAAS/app/models/item.rb": {
        "lines": [
          1,
          1,
          1,
          1,
          1,
          1,
          1,
          1,
          null
        ]
      },
      "/Users/zhichengzou/Desktop/ThriftUStore-4152SAAS/app/controllers/home_controller.rb": {
        "lines": [
          1,
          1,
          null,
          null,
          null
        ]
      },
      "/Users/zhichengzou/Desktop/ThriftUStore-4152SAAS/app/controllers/users_controller.rb": {
        "lines": [
          1,
          1,
          1,
          8,
          null,
          null,
          null,
          null,
          1,
          37,
          37,
          null,
          null
        ]
      },
      "/Users/zhichengzou/Desktop/ThriftUStore-4152SAAS/app/controllers/items_controller.rb": {
        "lines": [
          1,
          1,
          1,
          null,
          null,
          1,
          10,
          null,
          10,
          1,
          null,
          1,
          null,
          null,
          10,
          2,
          2,
          null,
          null,
          null,
          null,
          1,
          32,
          32,
          null,
          null,
          null,
          1,
          49,
          null,
          null,
          null,
          1,
          2,
          null,
          null,
          null,
          1,
          22,
          22,
          22,
          22,
          32,
          16,
          null,
          12,
          6,
          null,
          null,
          null,
          null,
          null,
          1,
          2,
          2,
          2,
          2,
          1,
          null,
          2,
          1,
          null,
          null,
          null,
          null,
          null,
          1,
          1,
          1,
          null,
          1,
          2,
          1,
          null,
          null,
          null,
          null,
          1,
          null,
          1,
          null,
          37,
          null,
          null,
          null,
          1,
          null,
          24,
          null,
          null
        ]
      },
      "/Users/zhichengzou/Desktop/ThriftUStore-4152SAAS/app/models/comment.rb": {
        "lines": [
          1,
          1,
          1,
          1,
          null
        ]
      },
      "/Users/zhichengzou/Desktop/ThriftUStore-4152SAAS/app/controllers/comments_controller.rb": {
        "lines": [
          1,
          1,
          1,
          1,
          null,
          1,
          3,
          3,
          null,
          3,
          3,
          null,
          0,
          null,
          null,
          null,
          1,
          0,
          0,
          null,
          0,
          null,
          null,
          null,
          1,
          1,
          1,
          1,
          null,
          0,
          null,
          null,
          null,
          1,
          null,
          1,
          4,
          null,
          null,
          1,
          1,
          null,
          null,
          1,
          3,
          null,
          null
        ]
      },
      "/Users/zhichengzou/Desktop/ThriftUStore-4152SAAS/app/controllers/users/registrations_controller.rb": {
        "lines": [
          null,
          null,
          1,
          null,
          1,
          null,
          null,
          null,
          null,
          null,
          null,
          null,
          null,
          null,
          null,
          null,
          null,
          null,
          null,
          null,
          null,
          null,
          null,
          null,
          null,
          null,
          null,
          null,
          null,
          null,
          null,
          1,
          2,
          0,
          0,
          null,
          0,
          null,
          2,
          null,
          null,
          null,
          null,
          null,
          null,
          null,
          null,
          null,
          null,
          null,
          null,
          null,
          null,
          null,
          null,
          null,
          null,
          null,
          1,
          2,
          null,
          null,
          null,
          null,
          null,
          null,
          null,
          null,
          null,
          null,
          null,
          null
        ]
      },
      "/Users/zhichengzou/Desktop/ThriftUStore-4152SAAS/app/controllers/users/omniauth_callbacks_controller.rb": {
        "lines": [
          null,
          null,
          1,
          null,
          null,
          null,
          null,
          null,
          null,
          null,
          1,
          2,
          2,
          2,
          2,
          2,
          null,
          0,
          null,
          0,
          null,
          null,
          null,
          null,
          null,
          null,
          null,
          null,
          null,
          null,
          null,
          null,
          null,
          null,
          null,
          null,
          null,
          null,
          null,
          null,
          null,
          null,
          1,
          null,
          1,
          2,
          null,
          null,
          null,
          null,
          null,
          null,
          null,
          null
        ]
      },
      "/Users/zhichengzou/Desktop/ThriftUStore-4152SAAS/app/mailers/application_mailer.rb": {
        "lines": [
          0,
          0,
          0,
          0
        ],
        "branches": {
        }
      },
      "/Users/zhichengzou/Desktop/ThriftUStore-4152SAAS/app/jobs/application_job.rb": {
        "lines": [
          0,
          0
        ],
        "branches": {
        }
      },
      "/Users/zhichengzou/Desktop/ThriftUStore-4152SAAS/app/controllers/search_controller.rb": {
        "lines": [
          0,
          0,
          0,
          0,
          0,
          0
        ],
        "branches": {
        }
      },
      "/Users/zhichengzou/Desktop/ThriftUStore-4152SAAS/app/controllers/users/passwords_controller.rb": {
        "lines": [
          null,
          null,
          0,
          null,
          null,
          null,
          null,
          null,
          null,
          null,
          null,
          null,
          null,
          null,
          null,
          null,
          null,
          null,
          null,
          null,
          null,
          null,
          null,
          null,
          null,
          null,
          null,
          null,
          null,
          null,
          null,
          null,
          null,
          0
        ],
        "branches": {
        }
      },
      "/Users/zhichengzou/Desktop/ThriftUStore-4152SAAS/app/controllers/users/unlocks_controller.rb": {
        "lines": [
          null,
          null,
          0,
          null,
          null,
          null,
          null,
          null,
          null,
          null,
          null,
          null,
          null,
          null,
          null,
          null,
          null,
          null,
          null,
          null,
          null,
          null,
          null,
          null,
          null,
          null,
          null,
          null,
          null,
          0
        ],
        "branches": {
        }
      },
      "/Users/zhichengzou/Desktop/ThriftUStore-4152SAAS/app/controllers/users/confirmations_controller.rb": {
        "lines": [
          null,
          null,
          0,
          null,
          null,
          null,
          null,
          null,
          null,
          null,
          null,
          null,
          null,
          null,
          null,
          null,
          null,
          null,
          null,
          null,
          null,
          null,
          null,
          null,
          null,
          null,
          null,
          null,
          null,
          0
        ],
        "branches": {
        }
      },
      "/Users/zhichengzou/Desktop/ThriftUStore-4152SAAS/app/channels/application_cable/connection.rb": {
        "lines": [
          0,
          0,
          0,
          0
        ],
        "branches": {
        }
      },
      "/Users/zhichengzou/Desktop/ThriftUStore-4152SAAS/app/channels/application_cable/channel.rb": {
        "lines": [
          0,
          0,
          0,
          0
        ],
        "branches": {
        }
      }
    },
    "timestamp": 1699908255
  }
}
